{
  "/Users/junkei/Documents/line-official-account-architect/components/ErrorBoundary.tsx": {
    "path": "/Users/junkei/Documents/line-official-account-architect/components/ErrorBoundary.tsx",
    "statementMap": {
      "0": { "start": { "line": 17, "column": 4 }, "end": { "line": 17, "column": null } },
      "1": { "start": { "line": 30, "column": 2 }, "end": { "line": 32, "column": null } },
      "2": { "start": { "line": 31, "column": 4 }, "end": { "line": 31, "column": null } },
      "3": { "start": { "line": 18, "column": 4 }, "end": { "line": 18, "column": null } },
      "4": { "start": { "line": 22, "column": 4 }, "end": { "line": 22, "column": null } },
      "5": { "start": { "line": 26, "column": 4 }, "end": { "line": 26, "column": null } },
      "6": { "start": { "line": 27, "column": 4 }, "end": { "line": 27, "column": null } },
      "7": { "start": { "line": 35, "column": 4 }, "end": { "line": 99, "column": null } },
      "8": { "start": { "line": 36, "column": 6 }, "end": { "line": 38, "column": null } },
      "9": { "start": { "line": 37, "column": 8 }, "end": { "line": 37, "column": null } },
      "10": { "start": { "line": 40, "column": 6 }, "end": { "line": 97, "column": null } },
      "11": { "start": { "line": 91, "column": 29 }, "end": { "line": 91, "column": null } },
      "12": { "start": { "line": 101, "column": 4 }, "end": { "line": 101, "column": null } }
    },
    "fnMap": {
      "0": {
        "name": "(anonymous_0)",
        "decl": { "start": { "line": 16, "column": 2 }, "end": { "line": 16, "column": 14 } },
        "loc": { "start": { "line": 16, "column": 28 }, "end": { "line": 19, "column": null } },
        "line": 16
      },
      "1": {
        "name": "(anonymous_1)",
        "decl": { "start": { "line": 30, "column": 16 }, "end": { "line": 30, "column": 22 } },
        "loc": { "start": { "line": 30, "column": 22 }, "end": { "line": 32, "column": null } },
        "line": 30
      },
      "2": {
        "name": "(anonymous_2)",
        "decl": { "start": { "line": 21, "column": 9 }, "end": { "line": 21, "column": 34 } },
        "loc": { "start": { "line": 21, "column": 55 }, "end": { "line": 23, "column": null } },
        "line": 21
      },
      "3": {
        "name": "(anonymous_3)",
        "decl": { "start": { "line": 25, "column": 2 }, "end": { "line": 25, "column": 20 } },
        "loc": { "start": { "line": 25, "column": 56 }, "end": { "line": 28, "column": null } },
        "line": 25
      },
      "4": {
        "name": "(anonymous_4)",
        "decl": { "start": { "line": 34, "column": 2 }, "end": { "line": 34, "column": 11 } },
        "loc": { "start": { "line": 34, "column": 11 }, "end": { "line": 102, "column": null } },
        "line": 34
      },
      "5": {
        "name": "(anonymous_5)",
        "decl": { "start": { "line": 91, "column": 23 }, "end": { "line": 91, "column": 29 } },
        "loc": { "start": { "line": 91, "column": 29 }, "end": { "line": 91, "column": null } },
        "line": 91
      }
    },
    "branchMap": {
      "0": {
        "loc": { "start": { "line": 35, "column": 4 }, "end": { "line": 99, "column": null } },
        "type": "if",
        "locations": [
          { "start": { "line": 35, "column": 4 }, "end": { "line": 99, "column": null } },
          { "start": {}, "end": {} }
        ],
        "line": 35
      },
      "1": {
        "loc": { "start": { "line": 36, "column": 6 }, "end": { "line": 38, "column": null } },
        "type": "if",
        "locations": [
          { "start": { "line": 36, "column": 6 }, "end": { "line": 38, "column": null } },
          { "start": {}, "end": {} }
        ],
        "line": 36
      },
      "2": {
        "loc": { "start": { "line": 69, "column": 13 }, "end": { "line": 77, "column": null } },
        "type": "binary-expr",
        "locations": [
          { "start": { "line": 69, "column": 13 }, "end": { "line": 69, "column": null } },
          { "start": { "line": 70, "column": 14 }, "end": { "line": 77, "column": null } }
        ],
        "line": 69
      }
    },
    "s": {
      "0": 8,
      "1": 8,
      "2": 0,
      "3": 8,
      "4": 6,
      "5": 3,
      "6": 3,
      "7": 16,
      "8": 9,
      "9": 3,
      "10": 6,
      "11": 0,
      "12": 7
    },
    "f": { "0": 8, "1": 0, "2": 1, "3": 3, "4": 16, "5": 0 },
    "b": { "0": [9, 7], "1": [3, 6], "2": [6, 6] },
    "meta": {
      "lastBranch": 3,
      "lastFunction": 6,
      "lastStatement": 13,
      "seen": {
        "f:16:2:16:14": 0,
        "s:17:4:17:Infinity": 0,
        "s:30:2:32:Infinity": 1,
        "f:30:16:30:22": 1,
        "s:31:4:31:Infinity": 2,
        "s:18:4:18:Infinity": 3,
        "f:21:9:21:34": 2,
        "s:22:4:22:Infinity": 4,
        "f:25:2:25:20": 3,
        "s:26:4:26:Infinity": 5,
        "s:27:4:27:Infinity": 6,
        "f:34:2:34:11": 4,
        "b:35:4:99:Infinity:undefined:undefined:undefined:undefined": 0,
        "s:35:4:99:Infinity": 7,
        "b:36:6:38:Infinity:undefined:undefined:undefined:undefined": 1,
        "s:36:6:38:Infinity": 8,
        "s:37:8:37:Infinity": 9,
        "s:40:6:97:Infinity": 10,
        "b:69:13:69:Infinity:70:14:77:Infinity": 2,
        "f:91:23:91:29": 5,
        "s:91:29:91:Infinity": 11,
        "s:101:4:101:Infinity": 12
      }
    }
  },
  "/Users/junkei/Documents/line-official-account-architect/services/geminiService.ts": {
    "path": "/Users/junkei/Documents/line-official-account-architect/services/geminiService.ts",
    "statementMap": {
      "0": { "start": { "line": 5, "column": 27 }, "end": { "line": 5, "column": null } },
      "1": { "start": { "line": 26, "column": 4 }, "end": { "line": 26, "column": null } },
      "2": { "start": { "line": 23, "column": 11 }, "end": { "line": 23, "column": null } },
      "3": { "start": { "line": 24, "column": 11 }, "end": { "line": 24, "column": null } },
      "4": { "start": { "line": 27, "column": 4 }, "end": { "line": 27, "column": null } },
      "5": { "start": { "line": 31, "column": 30 }, "end": { "line": 119, "column": null } },
      "6": { "start": { "line": 32, "column": 2 }, "end": { "line": 37, "column": null } },
      "7": { "start": { "line": 33, "column": 4 }, "end": { "line": 36, "column": null } },
      "8": { "start": { "line": 39, "column": 2 }, "end": { "line": 118, "column": null } },
      "9": { "start": { "line": 40, "column": 15 }, "end": { "line": 40, "column": null } },
      "10": { "start": { "line": 41, "column": 18 }, "end": { "line": 41, "column": null } },
      "11": { "start": { "line": 43, "column": 20 }, "end": { "line": 46, "column": null } },
      "12": { "start": { "line": 43, "column": 39 }, "end": { "line": 46, "column": 6 } },
      "13": { "start": { "line": 48, "column": 26 }, "end": { "line": 52, "column": null } },
      "14": { "start": { "line": 57, "column": 21 }, "end": { "line": 68, "column": null } },
      "15": { "start": { "line": 70, "column": 19 }, "end": { "line": 70, "column": null } },
      "16": { "start": { "line": 72, "column": 4 }, "end": { "line": 77, "column": null } },
      "17": { "start": { "line": 73, "column": 6 }, "end": { "line": 76, "column": null } },
      "18": { "start": { "line": 79, "column": 4 }, "end": { "line": 79, "column": null } },
      "19": { "start": { "line": 81, "column": 4 }, "end": { "line": 83, "column": null } },
      "20": { "start": { "line": 82, "column": 6 }, "end": { "line": 82, "column": null } },
      "21": { "start": { "line": 85, "column": 19 }, "end": { "line": 85, "column": null } },
      "22": { "start": { "line": 88, "column": 4 }, "end": { "line": 90, "column": null } },
      "23": { "start": { "line": 89, "column": 6 }, "end": { "line": 89, "column": null } },
      "24": { "start": { "line": 92, "column": 4 }, "end": { "line": 97, "column": null } },
      "25": { "start": { "line": 93, "column": 6 }, "end": { "line": 96, "column": null } },
      "26": { "start": { "line": 99, "column": 4 }, "end": { "line": 104, "column": null } },
      "27": { "start": { "line": 100, "column": 6 }, "end": { "line": 103, "column": null } },
      "28": { "start": { "line": 106, "column": 4 }, "end": { "line": 111, "column": null } },
      "29": { "start": { "line": 107, "column": 6 }, "end": { "line": 110, "column": null } },
      "30": { "start": { "line": 113, "column": 4 }, "end": { "line": 117, "column": null } },
      "31": { "start": { "line": 121, "column": 34 }, "end": { "line": 142, "column": null } },
      "32": { "start": { "line": 122, "column": 13 }, "end": { "line": 122, "column": null } },
      "33": { "start": { "line": 123, "column": 16 }, "end": { "line": 123, "column": null } },
      "34": { "start": { "line": 124, "column": 17 }, "end": { "line": 139, "column": null } },
      "35": { "start": { "line": 141, "column": 2 }, "end": { "line": 141, "column": null } }
    },
    "fnMap": {
      "0": {
        "name": "(anonymous_0)",
        "decl": { "start": { "line": 21, "column": 2 }, "end": { "line": 21, "column": null } },
        "loc": { "start": { "line": 25, "column": 4 }, "end": { "line": 28, "column": null } },
        "line": 25
      },
      "1": {
        "name": "(anonymous_1)",
        "decl": { "start": { "line": 31, "column": 30 }, "end": { "line": 31, "column": 37 } },
        "loc": { "start": { "line": 31, "column": 120 }, "end": { "line": 119, "column": null } },
        "line": 31
      },
      "2": {
        "name": "(anonymous_2)",
        "decl": { "start": { "line": 43, "column": 33 }, "end": { "line": 43, "column": 39 } },
        "loc": { "start": { "line": 43, "column": 39 }, "end": { "line": 46, "column": 6 } },
        "line": 43
      },
      "3": {
        "name": "(anonymous_3)",
        "decl": { "start": { "line": 121, "column": 34 }, "end": { "line": 121, "column": 41 } },
        "loc": { "start": { "line": 121, "column": 76 }, "end": { "line": 142, "column": null } },
        "line": 121
      }
    },
    "branchMap": {
      "0": {
        "loc": { "start": { "line": 32, "column": 2 }, "end": { "line": 37, "column": null } },
        "type": "if",
        "locations": [
          { "start": { "line": 32, "column": 2 }, "end": { "line": 37, "column": null } },
          { "start": {}, "end": {} }
        ],
        "line": 32
      },
      "1": {
        "loc": { "start": { "line": 44, "column": 12 }, "end": { "line": 44, "column": null } },
        "type": "cond-expr",
        "locations": [
          { "start": { "line": 44, "column": 32 }, "end": { "line": 44, "column": 50 } },
          { "start": { "line": 44, "column": 50 }, "end": { "line": 44, "column": null } }
        ],
        "line": 44
      },
      "2": {
        "loc": { "start": { "line": 72, "column": 4 }, "end": { "line": 77, "column": null } },
        "type": "if",
        "locations": [
          { "start": { "line": 72, "column": 4 }, "end": { "line": 77, "column": null } },
          { "start": {}, "end": {} }
        ],
        "line": 72
      },
      "3": {
        "loc": { "start": { "line": 72, "column": 8 }, "end": { "line": 72, "column": 41 } },
        "type": "binary-expr",
        "locations": [
          { "start": { "line": 72, "column": 8 }, "end": { "line": 72, "column": 19 } },
          { "start": { "line": 72, "column": 19 }, "end": { "line": 72, "column": 41 } }
        ],
        "line": 72
      },
      "4": {
        "loc": { "start": { "line": 81, "column": 4 }, "end": { "line": 83, "column": null } },
        "type": "if",
        "locations": [
          { "start": { "line": 81, "column": 4 }, "end": { "line": 83, "column": null } },
          { "start": {}, "end": {} }
        ],
        "line": 81
      },
      "5": {
        "loc": { "start": { "line": 88, "column": 4 }, "end": { "line": 90, "column": null } },
        "type": "if",
        "locations": [
          { "start": { "line": 88, "column": 4 }, "end": { "line": 90, "column": null } },
          { "start": {}, "end": {} }
        ],
        "line": 88
      },
      "6": {
        "loc": { "start": { "line": 92, "column": 4 }, "end": { "line": 97, "column": null } },
        "type": "if",
        "locations": [
          { "start": { "line": 92, "column": 4 }, "end": { "line": 97, "column": null } },
          { "start": {}, "end": {} }
        ],
        "line": 92
      },
      "7": {
        "loc": { "start": { "line": 99, "column": 4 }, "end": { "line": 104, "column": null } },
        "type": "if",
        "locations": [
          { "start": { "line": 99, "column": 4 }, "end": { "line": 104, "column": null } },
          { "start": {}, "end": {} }
        ],
        "line": 99
      },
      "8": {
        "loc": { "start": { "line": 106, "column": 4 }, "end": { "line": 111, "column": null } },
        "type": "if",
        "locations": [
          { "start": { "line": 106, "column": 4 }, "end": { "line": 111, "column": null } },
          { "start": {}, "end": {} }
        ],
        "line": 106
      },
      "9": {
        "loc": { "start": { "line": 114, "column": 33 }, "end": { "line": 114, "column": 82 } },
        "type": "cond-expr",
        "locations": [
          { "start": { "line": 114, "column": 58 }, "end": { "line": 114, "column": 74 } },
          { "start": { "line": 114, "column": 74 }, "end": { "line": 114, "column": 82 } }
        ],
        "line": 114
      }
    },
    "s": {
      "0": 1,
      "1": 12,
      "2": 12,
      "3": 12,
      "4": 12,
      "5": 1,
      "6": 11,
      "7": 2,
      "8": 9,
      "9": 9,
      "10": 9,
      "11": 9,
      "12": 9,
      "13": 9,
      "14": 9,
      "15": 3,
      "16": 3,
      "17": 2,
      "18": 1,
      "19": 8,
      "20": 2,
      "21": 6,
      "22": 6,
      "23": 6,
      "24": 6,
      "25": 2,
      "26": 4,
      "27": 2,
      "28": 2,
      "29": 2,
      "30": 0,
      "31": 1,
      "32": 0,
      "33": 0,
      "34": 0,
      "35": 0
    },
    "f": { "0": 12, "1": 11, "2": 9, "3": 0 },
    "b": {
      "0": [2, 9],
      "1": [9, 0],
      "2": [2, 1],
      "3": [3, 1],
      "4": [2, 6],
      "5": [6, 0],
      "6": [2, 4],
      "7": [2, 2],
      "8": [2, 0],
      "9": [0, 0]
    },
    "meta": {
      "lastBranch": 10,
      "lastFunction": 4,
      "lastStatement": 36,
      "seen": {
        "s:5:27:5:Infinity": 0,
        "f:21:2:21:Infinity": 0,
        "s:26:4:26:Infinity": 1,
        "s:23:11:23:Infinity": 2,
        "s:24:11:24:Infinity": 3,
        "s:27:4:27:Infinity": 4,
        "s:31:30:119:Infinity": 5,
        "f:31:30:31:37": 1,
        "b:32:2:37:Infinity:undefined:undefined:undefined:undefined": 0,
        "s:32:2:37:Infinity": 6,
        "s:33:4:36:Infinity": 7,
        "s:39:2:118:Infinity": 8,
        "s:40:15:40:Infinity": 9,
        "s:41:18:41:Infinity": 10,
        "s:43:20:46:Infinity": 11,
        "f:43:33:43:39": 2,
        "s:43:39:46:6": 12,
        "b:44:32:44:50:44:50:44:Infinity": 1,
        "s:48:26:52:Infinity": 13,
        "s:57:21:68:Infinity": 14,
        "s:70:19:70:Infinity": 15,
        "b:72:4:77:Infinity:undefined:undefined:undefined:undefined": 2,
        "s:72:4:77:Infinity": 16,
        "b:72:8:72:19:72:19:72:41": 3,
        "s:73:6:76:Infinity": 17,
        "s:79:4:79:Infinity": 18,
        "b:81:4:83:Infinity:undefined:undefined:undefined:undefined": 4,
        "s:81:4:83:Infinity": 19,
        "s:82:6:82:Infinity": 20,
        "s:85:19:85:Infinity": 21,
        "b:88:4:90:Infinity:undefined:undefined:undefined:undefined": 5,
        "s:88:4:90:Infinity": 22,
        "s:89:6:89:Infinity": 23,
        "b:92:4:97:Infinity:undefined:undefined:undefined:undefined": 6,
        "s:92:4:97:Infinity": 24,
        "s:93:6:96:Infinity": 25,
        "b:99:4:104:Infinity:undefined:undefined:undefined:undefined": 7,
        "s:99:4:104:Infinity": 26,
        "s:100:6:103:Infinity": 27,
        "b:106:4:111:Infinity:undefined:undefined:undefined:undefined": 8,
        "s:106:4:111:Infinity": 28,
        "s:107:6:110:Infinity": 29,
        "s:113:4:117:Infinity": 30,
        "b:114:58:114:74:114:74:114:82": 9,
        "s:121:34:142:Infinity": 31,
        "f:121:34:121:41": 3,
        "s:122:13:122:Infinity": 32,
        "s:123:16:123:Infinity": 33,
        "s:124:17:139:Infinity": 34,
        "s:141:2:141:Infinity": 35
      }
    }
  }
}
